wandb: Currently logged in as: jadonjin (zengrf-university-of-washington) to https://api.wandb.ai. Use `wandb login --relogin` to force relogin
wandb: setting up run 6875yhqf
wandb: Tracking run with wandb version 0.23.1
wandb: Run data is saved locally in /home/ec2-user/DESKTOP/Kaijie/PolyArithmeticCircuitsRL/poly_circuit_rl/wandb/run-20260218_223227-6875yhqf
wandb: Run `wandb offline` to turn off syncing.
wandb: Syncing run smart-rain-3
wandb: ⭐️ View project at https://wandb.ai/zengrf-university-of-washington/poly-circuit-rl
wandb: 🚀 View run at https://wandb.ai/zengrf-university-of-washington/poly-circuit-rl/runs/6875yhqf
Config: n_vars=2, L=16, m=16
  obs_dim=449, action_dim=289
  d_model=64, n_heads=4, n_layers=3
  total_steps=500000, seed=42
W&B run: https://wandb.ai/zengrf-university-of-washington/poly-circuit-rl/runs/6875yhqf
Auto-generating interesting polynomials (max_steps=6)
Parameters: 166922
Action dim: 289  |  Obs dim: 449
Ep 100 | Steps 206 | Lvl 0 (ops=1) | SR 7.00% | Eps 0.996 | Loss 0.0000 | Buf 326
Ep 200 | Steps 407 | Lvl 0 (ops=1) | SR 9.00% | Eps 0.993 | Loss 0.0000 | Buf 642
Ep 300 | Steps 611 | Lvl 0 (ops=1) | SR 11.00% | Eps 0.989 | Loss 0.0000 | Buf 965
Ep 400 | Steps 832 | Lvl 0 (ops=1) | SR 10.50% | Eps 0.985 | Loss 0.0000 | Buf 1345
Ep 500 | Steps 1040 | Lvl 0 (ops=1) | SR 10.50% | Eps 0.981 | Loss 1.1777 | Buf 1691
  [EVAL] SR=12.00% (50 eps)
  [EVAL] New best! Saved to runs/best_lvl0.pt
Warning: failed to log model artifact: 'Run' object has no attribute 'Artifact'
Ep 600 | Steps 1251 | Lvl 0 (ops=1) | SR 9.50% | Eps 0.977 | Loss 0.4257 | Buf 2036
Ep 700 | Steps 1461 | Lvl 0 (ops=1) | SR 7.50% | Eps 0.974 | Loss 0.1702 | Buf 2380
Ep 800 | Steps 1669 | Lvl 0 (ops=1) | SR 7.50% | Eps 0.970 | Loss 0.0904 | Buf 2716
Ep 900 | Steps 1885 | Lvl 0 (ops=1) | SR 6.00% | Eps 0.966 | Loss 0.0729 | Buf 3075
Ep 1000 | Steps 2093 | Lvl 0 (ops=1) | SR 6.50% | Eps 0.962 | Loss 0.0682 | Buf 3412
  [EVAL] SR=16.00% (50 eps)
  [EVAL] New best! Saved to runs/best_lvl0.pt
Warning: failed to log model artifact: 'Run' object has no attribute 'Artifact'
Ep 1100 | Steps 2306 | Lvl 0 (ops=1) | SR 10.50% | Eps 0.958 | Loss 0.0664 | Buf 3757
Ep 1200 | Steps 2528 | Lvl 0 (ops=1) | SR 9.00% | Eps 0.954 | Loss 0.0603 | Buf 4132
Ep 1300 | Steps 2746 | Lvl 0 (ops=1) | SR 6.00% | Eps 0.951 | Loss 0.0617 | Buf 4504
Ep 1400 | Steps 2963 | Lvl 0 (ops=1) | SR 9.00% | Eps 0.947 | Loss 0.0623 | Buf 4875
Ep 1500 | Steps 3182 | Lvl 0 (ops=1) | SR 9.50% | Eps 0.943 | Loss 0.0544 | Buf 5247
  [EVAL] SR=18.00% (50 eps)
  [EVAL] New best! Saved to runs/best_lvl0.pt
Warning: failed to log model artifact: 'Run' object has no attribute 'Artifact'
Ep 1600 | Steps 3396 | Lvl 0 (ops=1) | SR 6.50% | Eps 0.939 | Loss 0.0553 | Buf 5603
Ep 1700 | Steps 3616 | Lvl 0 (ops=1) | SR 8.50% | Eps 0.935 | Loss 0.0517 | Buf 5985
Ep 1800 | Steps 3826 | Lvl 0 (ops=1) | SR 9.50% | Eps 0.931 | Loss 0.0478 | Buf 6326
Ep 1900 | Steps 4037 | Lvl 0 (ops=1) | SR 10.00% | Eps 0.927 | Loss 0.0448 | Buf 6682
Ep 2000 | Steps 4266 | Lvl 0 (ops=1) | SR 11.00% | Eps 0.923 | Loss 0.0410 | Buf 7087
  [EVAL] SR=14.00% (50 eps)
Ep 2100 | Steps 4485 | Lvl 0 (ops=1) | SR 8.50% | Eps 0.919 | Loss 0.0395 | Buf 7452
Ep 2200 | Steps 4704 | Lvl 0 (ops=1) | SR 10.00% | Eps 0.915 | Loss 0.0390 | Buf 7839
Ep 2300 | Steps 4923 | Lvl 0 (ops=1) | SR 12.00% | Eps 0.911 | Loss 0.0368 | Buf 8219
Ep 2400 | Steps 5153 | Lvl 0 (ops=1) | SR 9.00% | Eps 0.907 | Loss 0.0351 | Buf 8628
Ep 2500 | Steps 5356 | Lvl 0 (ops=1) | SR 8.50% | Eps 0.904 | Loss 0.0337 | Buf 8946
  [EVAL] SR=28.00% (50 eps)
  [EVAL] New best! Saved to runs/best_lvl0.pt
Warning: failed to log model artifact: 'Run' object has no attribute 'Artifact'
Ep 2600 | Steps 5578 | Lvl 0 (ops=1) | SR 10.00% | Eps 0.900 | Loss 0.0320 | Buf 9341
Ep 2700 | Steps 5793 | Lvl 0 (ops=1) | SR 13.00% | Eps 0.896 | Loss 0.0305 | Buf 9706
Ep 2800 | Steps 6007 | Lvl 0 (ops=1) | SR 15.00% | Eps 0.892 | Loss 0.0292 | Buf 10063
Ep 2900 | Steps 6231 | Lvl 0 (ops=1) | SR 13.50% | Eps 0.888 | Loss 0.0267 | Buf 10444
Ep 3000 | Steps 6448 | Lvl 0 (ops=1) | SR 15.00% | Eps 0.884 | Loss 0.0242 | Buf 10805
  [EVAL] SR=50.00% (50 eps)
  [EVAL] New best! Saved to runs/best_lvl0.pt
Warning: failed to log model artifact: 'Run' object has no attribute 'Artifact'
Ep 3100 | Steps 6679 | Lvl 0 (ops=1) | SR 14.00% | Eps 0.880 | Loss 0.0216 | Buf 11215
Ep 3200 | Steps 6915 | Lvl 0 (ops=1) | SR 12.50% | Eps 0.876 | Loss 0.0181 | Buf 11644
Ep 3300 | Steps 7137 | Lvl 0 (ops=1) | SR 11.50% | Eps 0.872 | Loss 0.0151 | Buf 12019
Ep 3400 | Steps 7350 | Lvl 0 (ops=1) | SR 8.50% | Eps 0.868 | Loss 0.0136 | Buf 12368
Ep 3500 | Steps 7566 | Lvl 0 (ops=1) | SR 11.00% | Eps 0.864 | Loss 0.0125 | Buf 12725
  [EVAL] SR=34.00% (50 eps)
Ep 3600 | Steps 7784 | Lvl 0 (ops=1) | SR 10.50% | Eps 0.860 | Loss 0.0114 | Buf 13099
Ep 3700 | Steps 8011 | Lvl 0 (ops=1) | SR 10.00% | Eps 0.856 | Loss 0.0095 | Buf 13488
Ep 3800 | Steps 8235 | Lvl 0 (ops=1) | SR 13.00% | Eps 0.852 | Loss 0.0084 | Buf 13876
Ep 3900 | Steps 8458 | Lvl 0 (ops=1) | SR 12.00% | Eps 0.848 | Loss 0.0081 | Buf 14257
Ep 4000 | Steps 8687 | Lvl 0 (ops=1) | SR 12.00% | Eps 0.844 | Loss 0.0076 | Buf 14655
  [EVAL] SR=52.00% (50 eps)
  [EVAL] New best! Saved to runs/best_lvl0.pt
Warning: failed to log model artifact: 'Run' object has no attribute 'Artifact'
Ep 4100 | Steps 8932 | Lvl 0 (ops=1) | SR 12.50% | Eps 0.839 | Loss 0.0066 | Buf 15115
Ep 4200 | Steps 9152 | Lvl 0 (ops=1) | SR 13.00% | Eps 0.835 | Loss 0.0061 | Buf 15487
Ep 4300 | Steps 9376 | Lvl 0 (ops=1) | SR 11.50% | Eps 0.831 | Loss 0.0055 | Buf 15878
Ep 4400 | Steps 9610 | Lvl 0 (ops=1) | SR 12.00% | Eps 0.827 | Loss 0.0052 | Buf 16303
Ep 4500 | Steps 9843 | Lvl 0 (ops=1) | SR 14.50% | Eps 0.823 | Loss 0.0051 | Buf 16713
  [EVAL] SR=58.00% (50 eps)
  [EVAL] New best! Saved to runs/best_lvl0.pt
Warning: failed to log model artifact: 'Run' object has no attribute 'Artifact'
Ep 4600 | Steps 10060 | Lvl 0 (ops=1) | SR 12.00% | Eps 0.819 | Loss 0.0052 | Buf 17076
Ep 4700 | Steps 10281 | Lvl 0 (ops=1) | SR 13.50% | Eps 0.815 | Loss 0.0048 | Buf 17456
Ep 4800 | Steps 10507 | Lvl 0 (ops=1) | SR 16.00% | Eps 0.811 | Loss 0.0042 | Buf 17848
Ep 4900 | Steps 10726 | Lvl 0 (ops=1) | SR 16.50% | Eps 0.807 | Loss 0.0037 | Buf 18215
Ep 5000 | Steps 10955 | Lvl 0 (ops=1) | SR 14.00% | Eps 0.803 | Loss 0.0033 | Buf 18619
  [EVAL] SR=68.00% (50 eps)
  [EVAL] New best! Saved to runs/best_lvl0.pt
Warning: failed to log model artifact: 'Run' object has no attribute 'Artifact'
Ep 5100 | Steps 11182 | Lvl 0 (ops=1) | SR 13.50% | Eps 0.799 | Loss 0.0029 | Buf 19021
Ep 5200 | Steps 11410 | Lvl 0 (ops=1) | SR 18.50% | Eps 0.795 | Loss 0.0028 | Buf 19420
Ep 5300 | Steps 11626 | Lvl 0 (ops=1) | SR 16.50% | Eps 0.791 | Loss 0.0039 | Buf 19790
Ep 5400 | Steps 11849 | Lvl 0 (ops=1) | SR 16.50% | Eps 0.787 | Loss 0.0046 | Buf 20172
Ep 5500 | Steps 12077 | Lvl 0 (ops=1) | SR 16.00% | Eps 0.783 | Loss 0.0036 | Buf 20570
  [EVAL] SR=86.00% (50 eps)
  [EVAL] New best! Saved to runs/best_lvl0.pt
Warning: failed to log model artifact: 'Run' object has no attribute 'Artifact'
Ep 5600 | Steps 12301 | Lvl 0 (ops=1) | SR 15.00% | Eps 0.779 | Loss 0.0028 | Buf 20950
Ep 5700 | Steps 12527 | Lvl 0 (ops=1) | SR 19.00% | Eps 0.775 | Loss 0.0029 | Buf 21339
Ep 5800 | Steps 12762 | Lvl 0 (ops=1) | SR 21.50% | Eps 0.770 | Loss 0.0024 | Buf 21763
Ep 5900 | Steps 12986 | Lvl 0 (ops=1) | SR 16.50% | Eps 0.766 | Loss 0.0026 | Buf 22153
Ep 6000 | Steps 13215 | Lvl 0 (ops=1) | SR 15.00% | Eps 0.762 | Loss 0.0029 | Buf 22561
  [EVAL] SR=98.00% (50 eps)
  [EVAL] New best! Saved to runs/best_lvl0.pt
Warning: failed to log model artifact: 'Run' object has no attribute 'Artifact'
Ep 6100 | Steps 13440 | Lvl 0 (ops=1) | SR 19.00% | Eps 0.758 | Loss 0.0026 | Buf 22950
Ep 6200 | Steps 13686 | Lvl 0 (ops=1) | SR 16.00% | Eps 0.754 | Loss 0.0023 | Buf 23411
Ep 6300 | Steps 13899 | Lvl 0 (ops=1) | SR 16.50% | Eps 0.750 | Loss 0.0023 | Buf 23764
Ep 6400 | Steps 14119 | Lvl 0 (ops=1) | SR 19.50% | Eps 0.746 | Loss 0.0024 | Buf 24141
Ep 6500 | Steps 14334 | Lvl 0 (ops=1) | SR 22.00% | Eps 0.742 | Loss 0.0022 | Buf 24502
  [EVAL] SR=94.00% (50 eps)
Ep 6600 | Steps 14546 | Lvl 0 (ops=1) | SR 23.50% | Eps 0.738 | Loss 0.0022 | Buf 24851
Ep 6700 | Steps 14768 | Lvl 0 (ops=1) | SR 24.00% | Eps 0.734 | Loss 0.0021 | Buf 25232
Ep 6800 | Steps 14996 | Lvl 0 (ops=1) | SR 24.50% | Eps 0.730 | Loss 0.0019 | Buf 25624
Ep 6900 | Steps 15233 | Lvl 0 (ops=1) | SR 19.00% | Eps 0.726 | Loss 0.0019 | Buf 26050
Ep 7000 | Steps 15460 | Lvl 0 (ops=1) | SR 19.00% | Eps 0.722 | Loss 0.0019 | Buf 26451
  [EVAL] SR=100.00% (50 eps)
  [EVAL] New best! Saved to runs/best_lvl0.pt
Warning: failed to log model artifact: 'Run' object has no attribute 'Artifact'
Ep 7100 | Steps 15684 | Lvl 0 (ops=1) | SR 23.00% | Eps 0.718 | Loss 0.0020 | Buf 26853
Ep 7200 | Steps 15913 | Lvl 0 (ops=1) | SR 22.50% | Eps 0.714 | Loss 0.0026 | Buf 27271
Ep 7300 | Steps 16134 | Lvl 0 (ops=1) | SR 22.00% | Eps 0.710 | Loss 0.0028 | Buf 27657
Ep 7400 | Steps 16370 | Lvl 0 (ops=1) | SR 23.00% | Eps 0.705 | Loss 0.0024 | Buf 28101
Ep 7500 | Steps 16590 | Lvl 0 (ops=1) | SR 23.50% | Eps 0.701 | Loss 0.0021 | Buf 28472
  [EVAL] SR=94.00% (50 eps)
Ep 7600 | Steps 16818 | Lvl 0 (ops=1) | SR 22.00% | Eps 0.697 | Loss 0.0021 | Buf 28875
Ep 7700 | Steps 17041 | Lvl 0 (ops=1) | SR 23.00% | Eps 0.693 | Loss 0.0020 | Buf 29252
Ep 7800 | Steps 17273 | Lvl 0 (ops=1) | SR 21.00% | Eps 0.689 | Loss 0.0024 | Buf 29672
Ep 7900 | Steps 17482 | Lvl 0 (ops=1) | SR 19.50% | Eps 0.685 | Loss 0.0028 | Buf 30020
Ep 8000 | Steps 17696 | Lvl 0 (ops=1) | SR 23.50% | Eps 0.681 | Loss 0.0025 | Buf 30375
  [EVAL] SR=100.00% (50 eps)
Ep 8100 | Steps 17930 | Lvl 0 (ops=1) | SR 25.00% | Eps 0.677 | Loss 0.0021 | Buf 30795
Ep 8200 | Steps 18166 | Lvl 0 (ops=1) | SR 23.50% | Eps 0.673 | Loss 0.0049 | Buf 31226
Ep 8300 | Steps 18410 | Lvl 0 (ops=1) | SR 21.50% | Eps 0.669 | Loss 0.0051 | Buf 31687
Ep 8400 | Steps 18644 | Lvl 0 (ops=1) | SR 21.50% | Eps 0.664 | Loss 0.0021 | Buf 32128
Ep 8500 | Steps 18878 | Lvl 0 (ops=1) | SR 20.50% | Eps 0.660 | Loss 0.0019 | Buf 32543
  [EVAL] SR=100.00% (50 eps)
Ep 8600 | Steps 19096 | Lvl 0 (ops=1) | SR 19.00% | Eps 0.656 | Loss 0.0018 | Buf 32917
Ep 8700 | Steps 19331 | Lvl 0 (ops=1) | SR 23.00% | Eps 0.652 | Loss 0.0020 | Buf 33356
Ep 8800 | Steps 19548 | Lvl 0 (ops=1) | SR 28.00% | Eps 0.648 | Loss 0.0019 | Buf 33722
Ep 8900 | Steps 19779 | Lvl 0 (ops=1) | SR 26.50% | Eps 0.644 | Loss 0.0019 | Buf 34133
Ep 9000 | Steps 19990 | Lvl 0 (ops=1) | SR 28.00% | Eps 0.640 | Loss 0.0017 | Buf 34481
  [EVAL] SR=100.00% (50 eps)
Ep 9100 | Steps 20233 | Lvl 0 (ops=1) | SR 29.00% | Eps 0.636 | Loss 0.0016 | Buf 34943
Ep 9200 | Steps 20461 | Lvl 0 (ops=1) | SR 25.50% | Eps 0.632 | Loss 0.0016 | Buf 35352
Ep 9300 | Steps 20698 | Lvl 0 (ops=1) | SR 26.00% | Eps 0.627 | Loss 0.0016 | Buf 35785
Ep 9400 | Steps 20927 | Lvl 0 (ops=1) | SR 26.00% | Eps 0.623 | Loss 0.0022 | Buf 36199
Ep 9500 | Steps 21156 | Lvl 0 (ops=1) | SR 27.50% | Eps 0.619 | Loss 0.0024 | Buf 36612
  [EVAL] SR=94.00% (50 eps)
Ep 9600 | Steps 21386 | Lvl 0 (ops=1) | SR 23.50% | Eps 0.615 | Loss 0.0028 | Buf 37022
Ep 9700 | Steps 21626 | Lvl 0 (ops=1) | SR 20.50% | Eps 0.611 | Loss 0.0064 | Buf 37471
Ep 9800 | Steps 21856 | Lvl 0 (ops=1) | SR 23.50% | Eps 0.607 | Loss 0.0027 | Buf 37893
Ep 9900 | Steps 22080 | Lvl 0 (ops=1) | SR 23.00% | Eps 0.603 | Loss 0.0018 | Buf 38284
Ep 10000 | Steps 22311 | Lvl 0 (ops=1) | SR 25.00% | Eps 0.598 | Loss 0.0026 | Buf 38691
  [EVAL] SR=94.00% (50 eps)
Ep 10100 | Steps 22561 | Lvl 0 (ops=1) | SR 25.00% | Eps 0.594 | Loss 0.0033 | Buf 39176
Ep 10200 | Steps 22803 | Lvl 0 (ops=1) | SR 25.00% | Eps 0.590 | Loss 0.0021 | Buf 39611
Ep 10300 | Steps 23033 | Lvl 0 (ops=1) | SR 30.50% | Eps 0.585 | Loss 0.0019 | Buf 40019
Ep 10400 | Steps 23271 | Lvl 0 (ops=1) | SR 32.00% | Eps 0.581 | Loss 0.0019 | Buf 40462
Ep 10500 | Steps 23508 | Lvl 0 (ops=1) | SR 27.50% | Eps 0.577 | Loss 0.0014 | Buf 40895
  [EVAL] SR=100.00% (50 eps)
Ep 10600 | Steps 23743 | Lvl 0 (ops=1) | SR 22.50% | Eps 0.573 | Loss 0.0014 | Buf 41327
Ep 10700 | Steps 23985 | Lvl 0 (ops=1) | SR 28.50% | Eps 0.568 | Loss 0.0014 | Buf 41784
Ep 10800 | Steps 24211 | Lvl 0 (ops=1) | SR 32.00% | Eps 0.564 | Loss 0.0016 | Buf 42191
Ep 10900 | Steps 24453 | Lvl 0 (ops=1) | SR 31.00% | Eps 0.560 | Loss 0.0017 | Buf 42646
Ep 11000 | Steps 24680 | Lvl 0 (ops=1) | SR 36.00% | Eps 0.556 | Loss 0.0014 | Buf 43038
  [EVAL] SR=100.00% (50 eps)
Ep 11100 | Steps 24916 | Lvl 0 (ops=1) | SR 34.00% | Eps 0.552 | Loss 0.0013 | Buf 43490
Ep 11200 | Steps 25150 | Lvl 0 (ops=1) | SR 31.00% | Eps 0.547 | Loss 0.0013 | Buf 43935
Ep 11300 | Steps 25386 | Lvl 0 (ops=1) | SR 31.00% | Eps 0.543 | Loss 0.0013 | Buf 44368
Ep 11400 | Steps 25626 | Lvl 0 (ops=1) | SR 29.00% | Eps 0.539 | Loss 0.0013 | Buf 44826
Ep 11500 | Steps 25848 | Lvl 0 (ops=1) | SR 33.00% | Eps 0.535 | Loss 0.0013 | Buf 45206
  [EVAL] SR=96.00% (50 eps)
Ep 11600 | Steps 26106 | Lvl 0 (ops=1) | SR 36.50% | Eps 0.530 | Loss 0.0013 | Buf 45721
Ep 11700 | Steps 26332 | Lvl 0 (ops=1) | SR 41.50% | Eps 0.526 | Loss 0.0013 | Buf 46126
Ep 11800 | Steps 26575 | Lvl 0 (ops=1) | SR 40.50% | Eps 0.522 | Loss 0.0013 | Buf 46580
Ep 11900 | Steps 26803 | Lvl 0 (ops=1) | SR 34.50% | Eps 0.518 | Loss 0.0013 | Buf 46990
Ep 12000 | Steps 27038 | Lvl 0 (ops=1) | SR 38.00% | Eps 0.513 | Loss 0.0013 | Buf 47425
  [EVAL] SR=90.00% (50 eps)
Ep 12100 | Steps 27283 | Lvl 0 (ops=1) | SR 37.00% | Eps 0.509 | Loss 0.0014 | Buf 47890
Ep 12200 | Steps 27528 | Lvl 0 (ops=1) | SR 35.50% | Eps 0.504 | Loss 0.0014 | Buf 48359
Ep 12300 | Steps 27766 | Lvl 0 (ops=1) | SR 41.00% | Eps 0.500 | Loss 0.0013 | Buf 48809
Ep 12400 | Steps 27989 | Lvl 0 (ops=1) | SR 43.00% | Eps 0.496 | Loss 0.0013 | Buf 49217
Ep 12500 | Steps 28224 | Lvl 0 (ops=1) | SR 41.50% | Eps 0.492 | Loss 0.0013 | Buf 49646
  [EVAL] SR=78.00% (50 eps)
Ep 12600 | Steps 28457 | Lvl 0 (ops=1) | SR 41.00% | Eps 0.488 | Loss 0.0014 | Buf 50062
Ep 12700 | Steps 28686 | Lvl 0 (ops=1) | SR 45.00% | Eps 0.484 | Loss 0.0015 | Buf 50479
Ep 12800 | Steps 28938 | Lvl 0 (ops=1) | SR 43.50% | Eps 0.479 | Loss 0.0015 | Buf 50971
Ep 12900 | Steps 29190 | Lvl 0 (ops=1) | SR 38.00% | Eps 0.475 | Loss 0.0013 | Buf 51478
Ep 13000 | Steps 29444 | Lvl 0 (ops=1) | SR 39.50% | Eps 0.470 | Loss 0.0013 | Buf 51984
  [EVAL] SR=98.00% (50 eps)
Ep 13100 | Steps 29694 | Lvl 0 (ops=1) | SR 40.50% | Eps 0.466 | Loss 0.0013 | Buf 52479
Ep 13200 | Steps 29936 | Lvl 0 (ops=1) | SR 38.50% | Eps 0.461 | Loss 0.0019 | Buf 52950
Ep 13300 | Steps 30190 | Lvl 0 (ops=1) | SR 34.50% | Eps 0.457 | Loss 0.0045 | Buf 53447
Ep 13400 | Steps 30439 | Lvl 0 (ops=1) | SR 34.00% | Eps 0.452 | Loss 0.0045 | Buf 53938
Ep 13500 | Steps 30692 | Lvl 0 (ops=1) | SR 37.50% | Eps 0.448 | Loss 0.0021 | Buf 54450
  [EVAL] SR=92.00% (50 eps)
Ep 13600 | Steps 30947 | Lvl 0 (ops=1) | SR 40.50% | Eps 0.443 | Loss 0.0025 | Buf 54964
Ep 13700 | Steps 31215 | Lvl 0 (ops=1) | SR 40.00% | Eps 0.438 | Loss 0.0018 | Buf 55529
Ep 13800 | Steps 31447 | Lvl 0 (ops=1) | SR 41.50% | Eps 0.434 | Loss 0.0016 | Buf 55965
Ep 13900 | Steps 31695 | Lvl 0 (ops=1) | SR 47.50% | Eps 0.429 | Loss 0.0015 | Buf 56454
Ep 14000 | Steps 31925 | Lvl 0 (ops=1) | SR 41.00% | Eps 0.425 | Loss 0.0014 | Buf 56886
  [EVAL] SR=88.00% (50 eps)
Ep 14100 | Steps 32187 | Lvl 0 (ops=1) | SR 38.00% | Eps 0.421 | Loss 0.0014 | Buf 57445
Ep 14200 | Steps 32421 | Lvl 0 (ops=1) | SR 43.00% | Eps 0.416 | Loss 0.0014 | Buf 57870
Ep 14300 | Steps 32677 | Lvl 0 (ops=1) | SR 41.00% | Eps 0.412 | Loss 0.0014 | Buf 58389
Ep 14400 | Steps 32931 | Lvl 0 (ops=1) | SR 41.00% | Eps 0.407 | Loss 0.0014 | Buf 58896
Ep 14500 | Steps 33165 | Lvl 0 (ops=1) | SR 49.50% | Eps 0.403 | Loss 0.0021 | Buf 59337
  [EVAL] SR=90.00% (50 eps)
Ep 14600 | Steps 33436 | Lvl 0 (ops=1) | SR 51.00% | Eps 0.398 | Loss 0.0024 | Buf 59946
Ep 14700 | Steps 33697 | Lvl 0 (ops=1) | SR 44.00% | Eps 0.393 | Loss 0.0023 | Buf 60464
Ep 14800 | Steps 33941 | Lvl 0 (ops=1) | SR 41.50% | Eps 0.389 | Loss 0.0027 | Buf 60930
Ep 14900 | Steps 34210 | Lvl 0 (ops=1) | SR 41.50% | Eps 0.384 | Loss 0.0016 | Buf 61504
Ep 15000 | Steps 34468 | Lvl 0 (ops=1) | SR 45.50% | Eps 0.380 | Loss 0.0014 | Buf 62028
  [EVAL] SR=94.00% (50 eps)
Ep 15100 | Steps 34716 | Lvl 0 (ops=1) | SR 48.50% | Eps 0.375 | Loss 0.0017 | Buf 62516
Ep 15200 | Steps 34966 | Lvl 0 (ops=1) | SR 50.00% | Eps 0.371 | Loss 0.0019 | Buf 63026
Ep 15300 | Steps 35224 | Lvl 0 (ops=1) | SR 49.50% | Eps 0.366 | Loss 0.0016 | Buf 63564
Ep 15400 | Steps 35473 | Lvl 0 (ops=1) | SR 45.00% | Eps 0.361 | Loss 0.0014 | Buf 64070
Ep 15500 | Steps 35728 | Lvl 0 (ops=1) | SR 44.00% | Eps 0.357 | Loss 0.0014 | Buf 64581
  [EVAL] SR=100.00% (50 eps)
Ep 15600 | Steps 35962 | Lvl 0 (ops=1) | SR 48.50% | Eps 0.353 | Loss 0.0013 | Buf 65003
Ep 15700 | Steps 36225 | Lvl 0 (ops=1) | SR 50.00% | Eps 0.348 | Loss 0.0013 | Buf 65555
Ep 15800 | Steps 36479 | Lvl 0 (ops=1) | SR 47.50% | Eps 0.343 | Loss 0.0013 | Buf 66068
Ep 15900 | Steps 36749 | Lvl 0 (ops=1) | SR 55.50% | Eps 0.339 | Loss 0.0013 | Buf 66645
Ep 16000 | Steps 37010 | Lvl 0 (ops=1) | SR 57.50% | Eps 0.334 | Loss 0.0012 | Buf 67186
  [EVAL] SR=82.00% (50 eps)
Ep 16100 | Steps 37272 | Lvl 0 (ops=1) | SR 47.00% | Eps 0.329 | Loss 0.0012 | Buf 67726
Ep 16200 | Steps 37508 | Lvl 0 (ops=1) | SR 55.50% | Eps 0.325 | Loss 0.0012 | Buf 68170
Ep 16300 | Steps 37752 | Lvl 0 (ops=1) | SR 60.00% | Eps 0.320 | Loss 0.0015 | Buf 68643
Ep 16400 | Steps 38003 | Lvl 0 (ops=1) | SR 54.50% | Eps 0.316 | Loss 0.0015 | Buf 69149
Ep 16500 | Steps 38251 | Lvl 0 (ops=1) | SR 58.00% | Eps 0.311 | Loss 0.0013 | Buf 69645
  [EVAL] SR=98.00% (50 eps)
Ep 16600 | Steps 38507 | Lvl 0 (ops=1) | SR 57.00% | Eps 0.307 | Loss 0.0015 | Buf 70188
Ep 16700 | Steps 38741 | Lvl 0 (ops=1) | SR 49.50% | Eps 0.303 | Loss 0.0026 | Buf 70634
Ep 16800 | Steps 39001 | Lvl 0 (ops=1) | SR 52.50% | Eps 0.298 | Loss 0.0030 | Buf 71195
Ep 16900 | Steps 39302 | Lvl 0 (ops=1) | SR 51.50% | Eps 0.293 | Loss 0.0030 | Buf 71915
Ep 17000 | Steps 39572 | Lvl 0 (ops=1) | SR 47.00% | Eps 0.288 | Loss 0.0022 | Buf 72500
  [EVAL] SR=100.00% (50 eps)
Traceback (most recent call last):
  File "/home/ec2-user/DESKTOP/Kaijie/PolyArithmeticCircuitsRL/poly_circuit_rl/scripts/train.py", line 108, in <module>
    print(f"  obs_dim={config.obs_dim}, action_dim={config.action_dim}")
    ^^^^^^
  File "/home/ec2-user/DESKTOP/Kaijie/PolyArithmeticCircuitsRL/poly_circuit_rl/scripts/train.py", line 98, in main
    seed=args.seed,
    ^^^^^^^^^^^^^^^
    ...<5 lines>...
    gen_max_successors=args.gen_max_successors,
    
  File "/home/ec2-user/DESKTOP/Kaijie/PolyArithmeticCircuitsRL/poly_circuit_rl/poly_circuit_rl/rl/trainer.py", line 261, in train
    target_poly, _ = interesting_sampler.sample(train_rng, max_ops=cur_max_ops)
     ^^^^^^^^^^^^^^^^^^^^^^^^^^^^^^^^^^^^^^^^^^^^^^^^^^^^^^^^^^^^^^^^^^^^^^^^^
  File "/home/ec2-user/DESKTOP/Kaijie/PolyArithmeticCircuitsRL/poly_circuit_rl/poly_circuit_rl/rl/trainer.py", line 86, in collect_episode
    agent.train_step()
    ~~~~~~~~~~~~~~~~^^
  File "/home/ec2-user/DESKTOP/Kaijie/PolyArithmeticCircuitsRL/poly_circuit_rl/poly_circuit_rl/rl/agent.py", line 108, in train_step
    loss.backward()
    ~~~~~~~~~~~~~^^
  File "/home/ec2-user/miniconda/lib/python3.13/site-packages/torch/_tensor.py", line 625, in backward
    torch.autograd.backward(
    ~~~~~~~~~~~~~~~~~~~~~~~^
        self, gradient, retain_graph, create_graph, inputs=inputs
        ^^^^^^^^^^^^^^^^^^^^^^^^^^^^^^^^^^^^^^^^^^^^^^^^^^^^^^^^^
    )
    ^
  File "/home/ec2-user/miniconda/lib/python3.13/site-packages/torch/autograd/__init__.py", line 354, in backward
    _engine_run_backward(
    ~~~~~~~~~~~~~~~~~~~~^
        tensors,
        ^^^^^^^^
    ...<5 lines>...
        accumulate_grad=True,
        ^^^^^^^^^^^^^^^^^^^^^
    )
    ^
  File "/home/ec2-user/miniconda/lib/python3.13/site-packages/torch/autograd/graph.py", line 841, in _engine_run_backward
    return Variable._execution_engine.run_backward(  # Calls into the C++ engine to run the backward pass
           ~~~~~~~~~~~~~~~~~~~~~~~~~~~~~~~~~~~~~~~^^^^^^^^^^^^^^^^^^^^^^^^^^^^^^^^^^^^^^^^^^^^^^^^^^^^^^^
        t_outputs, *args, **kwargs
        ^^^^^^^^^^^^^^^^^^^^^^^^^^
    )  # Calls into the C++ engine to run the backward pass
    ^
KeyboardInterrupt
[1;34mwandb[0m: 
[1;34mwandb[0m: 🚀 View run [33msmart-rain-3[0m at: [34m[0m
[1;34mwandb[0m: Find logs at: [1;35mwandb/run-20260218_223227-6875yhqf/logs[0m
