Config: n_vars=2, L=16, m=16
  obs_dim=449, action_dim=289
  d_model=64, n_heads=4, n_layers=3
  total_steps=500000, seed=42
wandb: W&B API key is configured. Use `wandb login --relogin` to force relogin
wandb: setting up run wmv6x0pb
wandb: Tracking run with wandb version 0.23.1
wandb: Run data is saved locally in /home/ec2-user/DESKTOP/Kaijie/PolyArithmeticCircuitsRL/poly_circuit_rl/wandb/run-20260220_024150-wmv6x0pb
wandb: Run `wandb offline` to turn off syncing.
wandb: Syncing run desert-star-4
wandb: ⭐️ View project at https://wandb.ai/zengrf-university-of-washington/poly-circuit-rl
wandb: 🚀 View run at https://wandb.ai/zengrf-university-of-washington/poly-circuit-rl/runs/wmv6x0pb
W&B run: https://wandb.ai/zengrf-university-of-washington/poly-circuit-rl/runs/wmv6x0pb
Auto-generating interesting polynomials (max_steps=6)
Parameters: 166922
Action dim: 289  |  Obs dim: 449
Ep 100 | Steps 214 | Lvl 0 (ops=1) | SR 7.00% | Eps 0.996 | Loss 0.0000 | Buf 361
Ep 200 | Steps 430 | Lvl 0 (ops=1) | SR 10.50% | Eps 0.992 | Loss 0.0000 | Buf 714
Ep 300 | Steps 633 | Lvl 0 (ops=1) | SR 11.50% | Eps 0.989 | Loss 0.0000 | Buf 1036
Ep 400 | Steps 843 | Lvl 0 (ops=1) | SR 7.00% | Eps 0.985 | Loss 0.0000 | Buf 1375
Ep 500 | Steps 1046 | Lvl 0 (ops=1) | SR 8.00% | Eps 0.981 | Loss 1.3117 | Buf 1695
  [EVAL] SR=10.00% (50 eps)
  [EVAL] New best! Saved to runs/best_lvl0.pt
Warning: failed to log model artifact: 'Run' object has no attribute 'Artifact'
Ep 600 | Steps 1254 | Lvl 0 (ops=1) | SR 10.00% | Eps 0.977 | Loss 0.4932 | Buf 2030
Ep 700 | Steps 1461 | Lvl 0 (ops=1) | SR 8.50% | Eps 0.974 | Loss 0.2104 | Buf 2363
Ep 800 | Steps 1676 | Lvl 0 (ops=1) | SR 6.50% | Eps 0.970 | Loss 0.1244 | Buf 2716
Ep 900 | Steps 1886 | Lvl 0 (ops=1) | SR 5.50% | Eps 0.966 | Loss 0.1051 | Buf 3052
Ep 1000 | Steps 2094 | Lvl 0 (ops=1) | SR 8.00% | Eps 0.962 | Loss 0.0964 | Buf 3387
  [EVAL] SR=26.00% (50 eps)
  [EVAL] New best! Saved to runs/best_lvl0.pt
Warning: failed to log model artifact: 'Run' object has no attribute 'Artifact'
Ep 1100 | Steps 2307 | Lvl 0 (ops=1) | SR 9.00% | Eps 0.958 | Loss 0.0915 | Buf 3746
Ep 1200 | Steps 2522 | Lvl 0 (ops=1) | SR 9.00% | Eps 0.955 | Loss 0.0821 | Buf 4102
Ep 1300 | Steps 2729 | Lvl 0 (ops=1) | SR 8.50% | Eps 0.951 | Loss 0.0729 | Buf 4433
Ep 1400 | Steps 2953 | Lvl 0 (ops=1) | SR 10.00% | Eps 0.947 | Loss 0.0682 | Buf 4825
Ep 1500 | Steps 3165 | Lvl 0 (ops=1) | SR 9.00% | Eps 0.943 | Loss 0.0650 | Buf 5170
  [EVAL] SR=24.00% (50 eps)
Ep 1600 | Steps 3390 | Lvl 0 (ops=1) | SR 7.00% | Eps 0.939 | Loss 0.0590 | Buf 5560
Ep 1700 | Steps 3611 | Lvl 0 (ops=1) | SR 9.00% | Eps 0.935 | Loss 0.0543 | Buf 5942
Ep 1800 | Steps 3823 | Lvl 0 (ops=1) | SR 10.00% | Eps 0.931 | Loss 0.0512 | Buf 6301
Ep 1900 | Steps 4036 | Lvl 0 (ops=1) | SR 11.00% | Eps 0.927 | Loss 0.0481 | Buf 6655
Ep 2000 | Steps 4246 | Lvl 0 (ops=1) | SR 8.00% | Eps 0.924 | Loss 0.0457 | Buf 6997
  [EVAL] SR=16.00% (50 eps)
Ep 2100 | Steps 4462 | Lvl 0 (ops=1) | SR 10.50% | Eps 0.920 | Loss 0.0419 | Buf 7362
Ep 2200 | Steps 4693 | Lvl 0 (ops=1) | SR 12.00% | Eps 0.916 | Loss 0.0396 | Buf 7766
Ep 2300 | Steps 4906 | Lvl 0 (ops=1) | SR 10.50% | Eps 0.912 | Loss 0.0392 | Buf 8118
Ep 2400 | Steps 5126 | Lvl 0 (ops=1) | SR 10.00% | Eps 0.908 | Loss 0.0385 | Buf 8496
Ep 2500 | Steps 5331 | Lvl 0 (ops=1) | SR 10.00% | Eps 0.904 | Loss 0.0365 | Buf 8827
  [EVAL] SR=32.00% (50 eps)
  [EVAL] New best! Saved to runs/best_lvl0.pt
Warning: failed to log model artifact: 'Run' object has no attribute 'Artifact'
Ep 2600 | Steps 5547 | Lvl 0 (ops=1) | SR 11.50% | Eps 0.900 | Loss 0.0328 | Buf 9193
Ep 2700 | Steps 5785 | Lvl 0 (ops=1) | SR 10.50% | Eps 0.896 | Loss 0.0311 | Buf 9631
Ep 2800 | Steps 6011 | Lvl 0 (ops=1) | SR 14.00% | Eps 0.892 | Loss 0.0301 | Buf 10031
Ep 2900 | Steps 6236 | Lvl 0 (ops=1) | SR 18.50% | Eps 0.888 | Loss 0.0267 | Buf 10438
Ep 3000 | Steps 6465 | Lvl 0 (ops=1) | SR 17.00% | Eps 0.884 | Loss 0.0218 | Buf 10846
  [EVAL] SR=54.00% (50 eps)
  [EVAL] New best! Saved to runs/best_lvl0.pt
Warning: failed to log model artifact: 'Run' object has no attribute 'Artifact'
Ep 3100 | Steps 6701 | Lvl 0 (ops=1) | SR 15.00% | Eps 0.879 | Loss 0.0183 | Buf 11270
Ep 3200 | Steps 6923 | Lvl 0 (ops=1) | SR 15.00% | Eps 0.875 | Loss 0.0164 | Buf 11661
Ep 3300 | Steps 7147 | Lvl 0 (ops=1) | SR 12.50% | Eps 0.871 | Loss 0.0140 | Buf 12053
Ep 3400 | Steps 7371 | Lvl 0 (ops=1) | SR 13.00% | Eps 0.867 | Loss 0.0118 | Buf 12440
Ep 3500 | Steps 7614 | Lvl 0 (ops=1) | SR 14.00% | Eps 0.863 | Loss 0.0106 | Buf 12893
  [EVAL] SR=34.00% (50 eps)
Ep 3600 | Steps 7849 | Lvl 0 (ops=1) | SR 12.00% | Eps 0.859 | Loss 0.0100 | Buf 13318
Ep 3700 | Steps 8070 | Lvl 0 (ops=1) | SR 12.00% | Eps 0.855 | Loss 0.0092 | Buf 13707
Ep 3800 | Steps 8300 | Lvl 0 (ops=1) | SR 14.50% | Eps 0.851 | Loss 0.0084 | Buf 14116
Ep 3900 | Steps 8524 | Lvl 0 (ops=1) | SR 14.50% | Eps 0.847 | Loss 0.0083 | Buf 14501
Ep 4000 | Steps 8751 | Lvl 0 (ops=1) | SR 13.00% | Eps 0.842 | Loss 0.0083 | Buf 14894
  [EVAL] SR=66.00% (50 eps)
  [EVAL] New best! Saved to runs/best_lvl0.pt
Warning: failed to log model artifact: 'Run' object has no attribute 'Artifact'
Ep 4100 | Steps 8977 | Lvl 0 (ops=1) | SR 11.00% | Eps 0.838 | Loss 0.0077 | Buf 15281
Ep 4200 | Steps 9203 | Lvl 0 (ops=1) | SR 11.50% | Eps 0.834 | Loss 0.0078 | Buf 15676
Ep 4300 | Steps 9422 | Lvl 0 (ops=1) | SR 14.50% | Eps 0.830 | Loss 0.0071 | Buf 16048
Ep 4400 | Steps 9655 | Lvl 0 (ops=1) | SR 11.00% | Eps 0.826 | Loss 0.0065 | Buf 16475
Ep 4500 | Steps 9873 | Lvl 0 (ops=1) | SR 11.50% | Eps 0.822 | Loss 0.0064 | Buf 16846
  [EVAL] SR=44.00% (50 eps)
Ep 4600 | Steps 10103 | Lvl 0 (ops=1) | SR 14.50% | Eps 0.818 | Loss 0.0060 | Buf 17251
Ep 4700 | Steps 10320 | Lvl 0 (ops=1) | SR 12.50% | Eps 0.814 | Loss 0.0058 | Buf 17622
Ep 4800 | Steps 10555 | Lvl 0 (ops=1) | SR 12.00% | Eps 0.810 | Loss 0.0057 | Buf 18041
Ep 4900 | Steps 10792 | Lvl 0 (ops=1) | SR 14.00% | Eps 0.806 | Loss 0.0058 | Buf 18481
Ep 5000 | Steps 11019 | Lvl 0 (ops=1) | SR 12.00% | Eps 0.802 | Loss 0.0053 | Buf 18879
  [EVAL] SR=52.00% (50 eps)
Ep 5100 | Steps 11254 | Lvl 0 (ops=1) | SR 14.00% | Eps 0.797 | Loss 0.0049 | Buf 19313
Ep 5200 | Steps 11481 | Lvl 0 (ops=1) | SR 16.50% | Eps 0.793 | Loss 0.0051 | Buf 19712
Ep 5300 | Steps 11725 | Lvl 0 (ops=1) | SR 13.50% | Eps 0.789 | Loss 0.0048 | Buf 20177
Ep 5400 | Steps 11956 | Lvl 0 (ops=1) | SR 14.50% | Eps 0.785 | Loss 0.0046 | Buf 20587
Ep 5500 | Steps 12202 | Lvl 0 (ops=1) | SR 15.50% | Eps 0.780 | Loss 0.0048 | Buf 21065
  [EVAL] SR=48.00% (50 eps)
Ep 5600 | Steps 12443 | Lvl 0 (ops=1) | SR 13.00% | Eps 0.776 | Loss 0.0046 | Buf 21509
Ep 5700 | Steps 12670 | Lvl 0 (ops=1) | SR 15.00% | Eps 0.772 | Loss 0.0041 | Buf 21912
Ep 5800 | Steps 12894 | Lvl 0 (ops=1) | SR 19.00% | Eps 0.768 | Loss 0.0038 | Buf 22296
Ep 5900 | Steps 13121 | Lvl 0 (ops=1) | SR 15.00% | Eps 0.764 | Loss 0.0034 | Buf 22692
Ep 6000 | Steps 13347 | Lvl 0 (ops=1) | SR 14.00% | Eps 0.760 | Loss 0.0033 | Buf 23078
  [EVAL] SR=92.00% (50 eps)
  [EVAL] New best! Saved to runs/best_lvl0.pt
Warning: failed to log model artifact: 'Run' object has no attribute 'Artifact'
Ep 6100 | Steps 13585 | Lvl 0 (ops=1) | SR 20.00% | Eps 0.755 | Loss 0.0033 | Buf 23520
Ep 6200 | Steps 13808 | Lvl 0 (ops=1) | SR 20.50% | Eps 0.751 | Loss 0.0034 | Buf 23902
Ep 6300 | Steps 14038 | Lvl 0 (ops=1) | SR 18.00% | Eps 0.747 | Loss 0.0033 | Buf 24306
Ep 6400 | Steps 14261 | Lvl 0 (ops=1) | SR 21.50% | Eps 0.743 | Loss 0.0031 | Buf 24693
Ep 6500 | Steps 14484 | Lvl 0 (ops=1) | SR 24.00% | Eps 0.739 | Loss 0.0035 | Buf 25074
  [EVAL] SR=78.00% (50 eps)
Ep 6600 | Steps 14712 | Lvl 0 (ops=1) | SR 24.00% | Eps 0.735 | Loss 0.0034 | Buf 25490
Ep 6700 | Steps 14926 | Lvl 0 (ops=1) | SR 21.50% | Eps 0.731 | Loss 0.0028 | Buf 25846
Ep 6800 | Steps 15155 | Lvl 0 (ops=1) | SR 19.00% | Eps 0.727 | Loss 0.0029 | Buf 26256
Ep 6900 | Steps 15385 | Lvl 0 (ops=1) | SR 21.50% | Eps 0.723 | Loss 0.0029 | Buf 26669
Ep 7000 | Steps 15609 | Lvl 0 (ops=1) | SR 23.50% | Eps 0.719 | Loss 0.0029 | Buf 27058
  [EVAL] SR=92.00% (50 eps)
Ep 7100 | Steps 15830 | Lvl 0 (ops=1) | SR 23.00% | Eps 0.715 | Loss 0.0025 | Buf 27440
Ep 7200 | Steps 16050 | Lvl 0 (ops=1) | SR 19.00% | Eps 0.711 | Loss 0.0023 | Buf 27817
Ep 7300 | Steps 16269 | Lvl 0 (ops=1) | SR 18.50% | Eps 0.707 | Loss 0.0023 | Buf 28190
Ep 7400 | Steps 16493 | Lvl 0 (ops=1) | SR 23.50% | Eps 0.703 | Loss 0.0023 | Buf 28580
Ep 7500 | Steps 16721 | Lvl 0 (ops=1) | SR 24.50% | Eps 0.699 | Loss 0.0024 | Buf 28985
  [EVAL] SR=92.00% (50 eps)
Ep 7600 | Steps 16956 | Lvl 0 (ops=1) | SR 19.50% | Eps 0.695 | Loss 0.0025 | Buf 29414
